C51 COMPILER V9.60.0.0   DELAY                                                             03/04/2021 09:33:47 PAGE 1   


C51 COMPILER V9.60.0.0, COMPILATION OF MODULE DELAY
OBJECT MODULE PLACED IN ..\OBJ\delay.obj
COMPILER INVOKED BY: F:\Program Files (x86)\MDK\C51\BIN\C51.EXE ..\SYSTEM\delay.c LARGE OPTIMIZE(8,SPEED) BROWSE INCDIR(
                    -..\SYSTEM;..\HARDWARE) DEBUG OBJECTEXTEND PRINT(.\Listings\delay.lst) OBJECT(..\OBJ\delay.obj)

line level    source

   1          /*---------------------------------------------------------------------*/
   2          /* --- STC MCU Limited ------------------------------------------------*/
   3          /* --- STC 1T Series MCU Demo Programme -------------------------------*/
   4          /* --- Mobile: (86)13922805190 ----------------------------------------*/
   5          /* --- Fax: 86-0513-55012956,55012947,55012969 ------------------------*/
   6          /* --- Tel: 86-0513-55012928,55012929,55012966 ------------------------*/
   7          /* --- Web: www.STCMCU.com --------------------------------------------*/
   8          /* --- Web: www.STCMCUDATA.com  ---------------------------------------*/
   9          /* --- QQ:  800003751 -------------------------------------------------*/
  10          /* 如果要在程序中使用此代码,请在程序中注明使用了STC的资料及程序        */
  11          /*---------------------------------------------------------------------*/
  12          
  13          /***************        功能说明        ****************
  14          
  15          本文件为STC8系列的延时程序,用户几乎可以不修改这个程序.
  16          
  17          ******************************************/
  18          
  19          #include        "delay.h"
  20          
  21          //========================================================================
  22          // 函数: void  delay_ms(unsigned char ms)
  23          // 描述: 延时函数。
  24          // 参数: ms,要延时的ms数, 这里只支持1~255ms. 自动适应主时钟.
  25          // 返回: none.
  26          // 版本: VER1.0
  27          // 日期: 2013-4-1
  28          // 备注: 
  29          //========================================================================
  30          void delay_ms(unsigned int ms)
  31          {
  32   1              unsigned int i;
  33   1              do{
  34   2                      i = MAIN_Fosc / 13000;
  35   2                      while(--i)      ;   //14T per loop
  36   2              }while(--ms);
  37   1      }
  38          
  39          
  40          void delay_us(unsigned int us)          //@24.000MHz
  41          {
  42   1              unsigned char i;
  43   1              do{
  44   2                      i = 6;
  45   2                      while (--i);
  46   2              }while(--us);
  47   1      }
  48          
  49          void delay_s(unsigned char s)           //@24.000MHz
  50          {
  51   1              unsigned char i, j, k;
  52   1              do
  53   1              {
  54   2                      _nop_();
C51 COMPILER V9.60.0.0   DELAY                                                             03/04/2021 09:33:47 PAGE 2   

  55   2                      _nop_();
  56   2                      i = 122;
  57   2                      j = 193;
  58   2                      k = 128;
  59   2                      do
  60   2                      {
  61   3                              do
  62   3                              {
  63   4                                      while (--k);
  64   4                              } while (--j);
  65   3                      } while (--i);
  66   2              }while(--s);
  67   1      }
  68          


MODULE INFORMATION:   STATIC OVERLAYABLE
   CODE SIZE        =     54    ----
   CONSTANT SIZE    =   ----    ----
   XDATA SIZE       =   ----    ----
   PDATA SIZE       =   ----    ----
   DATA SIZE        =   ----    ----
   IDATA SIZE       =   ----    ----
   BIT SIZE         =   ----    ----
END OF MODULE INFORMATION.


C51 COMPILATION COMPLETE.  0 WARNING(S),  0 ERROR(S)
